                                      1 ;--------------------------------------------------------
                                      2 ; File Created by SDCC : free open source ANSI-C Compiler
                                      3 ; Version 4.1.6 #12539 (MINGW32)
                                      4 ;--------------------------------------------------------
                                      5 	.module basic_font_words
                                      6 	.optsdcc -mgbz80
                                      7 	
                                      8 ;--------------------------------------------------------
                                      9 ; Public variables in this module
                                     10 ;--------------------------------------------------------
                                     11 	.globl _k_chapter_word_sprites
                                     12 	.globl _k_password_word_sprites
                                     13 	.globl _k_continue_word_sprites
                                     14 	.globl _k_new_game_word_sprites
                                     15 	.globl _k_gridwalker_word_sprites
                                     16 	.globl _draw_basic_font_word
                                     17 ;--------------------------------------------------------
                                     18 ; special function registers
                                     19 ;--------------------------------------------------------
                                     20 ;--------------------------------------------------------
                                     21 ; ram data
                                     22 ;--------------------------------------------------------
                                     23 	.area _DATA
                                     24 ;--------------------------------------------------------
                                     25 ; ram data
                                     26 ;--------------------------------------------------------
                                     27 	.area _INITIALIZED
                                     28 ;--------------------------------------------------------
                                     29 ; absolute external ram data
                                     30 ;--------------------------------------------------------
                                     31 	.area _DABS (ABS)
                                     32 ;--------------------------------------------------------
                                     33 ; global & static initialisations
                                     34 ;--------------------------------------------------------
                                     35 	.area _HOME
                                     36 	.area _GSINIT
                                     37 	.area _GSFINAL
                                     38 	.area _GSINIT
                                     39 ;--------------------------------------------------------
                                     40 ; Home
                                     41 ;--------------------------------------------------------
                                     42 	.area _HOME
                                     43 	.area _HOME
                                     44 ;--------------------------------------------------------
                                     45 ; code
                                     46 ;--------------------------------------------------------
                                     47 	.area _CODE
                                     48 ;basic-font-words.c:69: void draw_basic_font_word(
                                     49 ;	---------------------------------
                                     50 ; Function draw_basic_font_word
                                     51 ; ---------------------------------
      000000                         52 _draw_basic_font_word::
      000000 3B                      53 	dec	sp
      000001 3B                      54 	dec	sp
                                     55 ;basic-font-words.c:78: for (uint8_t i = 0; i < character_count; ++i)
      000002 1E 00                   56 	ld	e, #0x00
      000004                         57 00108$:
      000004 7B                      58 	ld	a, e
      000005 F8 06                   59 	ldhl	sp,	#6
      000007 96                      60 	sub	a, (hl)
      000008 30 5D                   61 	jr	NC, 00109$
                                     62 ;basic-font-words.c:80: uint8_t character = characters[i];
      00000A 2B                      63 	dec	hl
      00000B D5                      64 	push	de
      00000C 16 00                   65 	ld	d, #0x00
      00000E 3A                      66 	ld	a, (hl-)
      00000F 6E                      67 	ld	l, (hl)
      000010 67                      68 	ld	h, a
      000011 19                      69 	add	hl, de
      000012 D1                      70 	pop	de
      000013 4D                      71 	ld	c, l
      000014 44                      72 	ld	b, h
      000015 0A                      73 	ld	a, (bc)
                                     74 ;basic-font-words.c:82: if (character == BASIC_FONT_SKIP_CHARACTER)
      000016 4F                      75 	ld	c, a
      000017 3C                      76 	inc	a
      000018 28 4A                   77 	jr	Z, 00103$
                                     78 ;basic-font-words.c:87: set_sprite_tile(tile_index_start + i, character);
      00001A F8 07                   79 	ldhl	sp,	#7
      00001C 7E                      80 	ld	a, (hl)
      00001D 83                      81 	add	a, e
      00001E 57                      82 	ld	d, a
      00001F 42                      83 	ld	b, d
                                     84 ;c:/gameboy-dev/gbdk/include/gb\gb.h:1447: shadow_OAM[nb].tile=tile;
      000020 26 00                   85 	ld	h, #0x00
                                     86 ;	spillPairReg hl
                                     87 ;	spillPairReg hl
      000022 68                      88 	ld	l, b
      000023 29                      89 	add	hl, hl
      000024 29                      90 	add	hl, hl
      000025 3Er00                   91 	ld	a, #<(_shadow_OAM)
      000027 85                      92 	add	a, l
      000028 6F                      93 	ld	l, a
                                     94 ;	spillPairReg hl
                                     95 ;	spillPairReg hl
      000029 3Es00                   96 	ld	a, #>(_shadow_OAM)
      00002B 8C                      97 	adc	a, h
      00002C 67                      98 	ld	h, a
                                     99 ;	spillPairReg hl
                                    100 ;	spillPairReg hl
      00002D 23                     101 	inc	hl
      00002E 23                     102 	inc	hl
      00002F 71                     103 	ld	(hl), c
                                    104 ;basic-font-words.c:91: start_position_y + (i * position_step_y));
      000030 D5                     105 	push	de
      000031 F8 0D                  106 	ldhl	sp,	#13
      000033 56                     107 	ld	d, (hl)
      000034 D5                     108 	push	de
      000035 CDr00r00               109 	call	__muluchar
      000038 E1                     110 	pop	hl
      000039 7B                     111 	ld	a, e
      00003A D1                     112 	pop	de
      00003B F8 09                  113 	ldhl	sp,	#9
      00003D 86                     114 	add	a, (hl)
      00003E F8 00                  115 	ldhl	sp,	#0
      000040 77                     116 	ld	(hl), a
                                    117 ;basic-font-words.c:90: start_position_x + (i * position_step_x),
      000041 D5                     118 	push	de
      000042 F8 0C                  119 	ldhl	sp,	#12
      000044 56                     120 	ld	d, (hl)
      000045 D5                     121 	push	de
      000046 CDr00r00               122 	call	__muluchar
      000049 E1                     123 	pop	hl
      00004A 7B                     124 	ld	a, e
      00004B D1                     125 	pop	de
      00004C F8 08                  126 	ldhl	sp,	#8
      00004E 86                     127 	add	a, (hl)
      00004F F8 01                  128 	ldhl	sp,	#1
      000051 77                     129 	ld	(hl), a
                                    130 ;c:/gameboy-dev/gbdk/include/gb\gb.h:1520: OAM_item_t * itm = &shadow_OAM[nb];
      000052 01r00r00               131 	ld	bc, #_shadow_OAM+0
      000055 26 00                  132 	ld	h, #0x00
                                    133 ;	spillPairReg hl
                                    134 ;	spillPairReg hl
      000057 6A                     135 	ld	l, d
      000058 29                     136 	add	hl, hl
      000059 29                     137 	add	hl, hl
      00005A 09                     138 	add	hl, bc
      00005B 4D                     139 	ld	c, l
      00005C 44                     140 	ld	b, h
                                    141 ;c:/gameboy-dev/gbdk/include/gb\gb.h:1521: itm->y=y, itm->x=x;
      00005D F8 00                  142 	ldhl	sp,	#0
      00005F 2A                     143 	ld	a, (hl+)
      000060 02                     144 	ld	(bc), a
      000061 03                     145 	inc	bc
      000062 7E                     146 	ld	a, (hl)
      000063 02                     147 	ld	(bc), a
                                    148 ;basic-font-words.c:91: start_position_y + (i * position_step_y));
      000064                        149 00103$:
                                    150 ;basic-font-words.c:78: for (uint8_t i = 0; i < character_count; ++i)
      000064 1C                     151 	inc	e
      000065 18 9D                  152 	jr	00108$
      000067                        153 00109$:
                                    154 ;basic-font-words.c:93: }
      000067 33                     155 	inc	sp
      000068 33                     156 	inc	sp
      000069 C9                     157 	ret
      00006A                        158 _k_gridwalker_word_sprites:
      00006A 06                     159 	.db #0x06	; 6
      00006B 11                     160 	.db #0x11	; 17
      00006C 08                     161 	.db #0x08	; 8
      00006D 03                     162 	.db #0x03	; 3
      00006E 16                     163 	.db #0x16	; 22
      00006F 00                     164 	.db #0x00	; 0
      000070 0B                     165 	.db #0x0b	; 11
      000071 0A                     166 	.db #0x0a	; 10
      000072 04                     167 	.db #0x04	; 4
      000073 11                     168 	.db #0x11	; 17
      000074                        169 _k_new_game_word_sprites:
      000074 0D                     170 	.db #0x0d	; 13
      000075 04                     171 	.db #0x04	; 4
      000076 16                     172 	.db #0x16	; 22
      000077 FF                     173 	.db #0xff	; 255
      000078 06                     174 	.db #0x06	; 6
      000079 00                     175 	.db #0x00	; 0
      00007A 0C                     176 	.db #0x0c	; 12
      00007B 04                     177 	.db #0x04	; 4
      00007C                        178 _k_continue_word_sprites:
      00007C 02                     179 	.db #0x02	; 2
      00007D 0E                     180 	.db #0x0e	; 14
      00007E 0D                     181 	.db #0x0d	; 13
      00007F 13                     182 	.db #0x13	; 19
      000080 08                     183 	.db #0x08	; 8
      000081 0D                     184 	.db #0x0d	; 13
      000082 14                     185 	.db #0x14	; 20
      000083 04                     186 	.db #0x04	; 4
      000084                        187 _k_password_word_sprites:
      000084 0F                     188 	.db #0x0f	; 15
      000085 00                     189 	.db #0x00	; 0
      000086 12                     190 	.db #0x12	; 18
      000087 12                     191 	.db #0x12	; 18
      000088 16                     192 	.db #0x16	; 22
      000089 0E                     193 	.db #0x0e	; 14
      00008A 11                     194 	.db #0x11	; 17
      00008B 03                     195 	.db #0x03	; 3
      00008C                        196 _k_chapter_word_sprites:
      00008C 02                     197 	.db #0x02	; 2
      00008D 07                     198 	.db #0x07	; 7
      00008E 00                     199 	.db #0x00	; 0
      00008F 0F                     200 	.db #0x0f	; 15
      000090 13                     201 	.db #0x13	; 19
      000091 04                     202 	.db #0x04	; 4
      000092 11                     203 	.db #0x11	; 17
                                    204 	.area _CODE
                                    205 	.area _INITIALIZER
                                    206 	.area _CABS (ABS)
