                                      1 ;--------------------------------------------------------
                                      2 ; File Created by SDCC : free open source ANSI-C Compiler
                                      3 ; Version 4.1.6 #12539 (MINGW32)
                                      4 ;--------------------------------------------------------
                                      5 	.module basic_font
                                      6 	.optsdcc -mgbz80
                                      7 	
                                      8 ;--------------------------------------------------------
                                      9 ; Public variables in this module
                                     10 ;--------------------------------------------------------
                                     11 	.globl _basic_font_sprites
                                     12 ;--------------------------------------------------------
                                     13 ; special function registers
                                     14 ;--------------------------------------------------------
                                     15 ;--------------------------------------------------------
                                     16 ; ram data
                                     17 ;--------------------------------------------------------
                                     18 	.area _DATA
                                     19 ;--------------------------------------------------------
                                     20 ; ram data
                                     21 ;--------------------------------------------------------
                                     22 	.area _INITIALIZED
                                     23 ;--------------------------------------------------------
                                     24 ; absolute external ram data
                                     25 ;--------------------------------------------------------
                                     26 	.area _DABS (ABS)
                                     27 ;--------------------------------------------------------
                                     28 ; global & static initialisations
                                     29 ;--------------------------------------------------------
                                     30 	.area _HOME
                                     31 	.area _GSINIT
                                     32 	.area _GSFINAL
                                     33 	.area _GSINIT
                                     34 ;--------------------------------------------------------
                                     35 ; Home
                                     36 ;--------------------------------------------------------
                                     37 	.area _HOME
                                     38 	.area _HOME
                                     39 ;--------------------------------------------------------
                                     40 ; code
                                     41 ;--------------------------------------------------------
                                     42 	.area _CODE
                                     43 	.area _CODE
      000000                         44 _basic_font_sprites:
      000000 00                      45 	.db #0x00	; 0
      000001 00                      46 	.db #0x00	; 0
      000002 00                      47 	.db #0x00	; 0
      000003 00                      48 	.db #0x00	; 0
      000004 78                      49 	.db #0x78	; 120	'x'
      000005 78                      50 	.db #0x78	; 120	'x'
      000006 8C                      51 	.db #0x8c	; 140
      000007 8C                      52 	.db #0x8c	; 140
      000008 8C                      53 	.db #0x8c	; 140
      000009 8C                      54 	.db #0x8c	; 140
      00000A FC                      55 	.db #0xfc	; 252
      00000B FC                      56 	.db #0xfc	; 252
      00000C 8C                      57 	.db #0x8c	; 140
      00000D 8C                      58 	.db #0x8c	; 140
      00000E 8C                      59 	.db #0x8c	; 140
      00000F 8C                      60 	.db #0x8c	; 140
      000010 00                      61 	.db #0x00	; 0
      000011 00                      62 	.db #0x00	; 0
      000012 00                      63 	.db #0x00	; 0
      000013 00                      64 	.db #0x00	; 0
      000014 F8                      65 	.db #0xf8	; 248
      000015 F8                      66 	.db #0xf8	; 248
      000016 CC                      67 	.db #0xcc	; 204
      000017 CC                      68 	.db #0xcc	; 204
      000018 F8                      69 	.db #0xf8	; 248
      000019 F8                      70 	.db #0xf8	; 248
      00001A CC                      71 	.db #0xcc	; 204
      00001B CC                      72 	.db #0xcc	; 204
      00001C CC                      73 	.db #0xcc	; 204
      00001D CC                      74 	.db #0xcc	; 204
      00001E F8                      75 	.db #0xf8	; 248
      00001F F8                      76 	.db #0xf8	; 248
      000020 00                      77 	.db #0x00	; 0
      000021 00                      78 	.db #0x00	; 0
      000022 00                      79 	.db #0x00	; 0
      000023 00                      80 	.db #0x00	; 0
      000024 78                      81 	.db #0x78	; 120	'x'
      000025 78                      82 	.db #0x78	; 120	'x'
      000026 CC                      83 	.db #0xcc	; 204
      000027 CC                      84 	.db #0xcc	; 204
      000028 C0                      85 	.db #0xc0	; 192
      000029 C0                      86 	.db #0xc0	; 192
      00002A C0                      87 	.db #0xc0	; 192
      00002B C0                      88 	.db #0xc0	; 192
      00002C CC                      89 	.db #0xcc	; 204
      00002D CC                      90 	.db #0xcc	; 204
      00002E 78                      91 	.db #0x78	; 120	'x'
      00002F 78                      92 	.db #0x78	; 120	'x'
      000030 00                      93 	.db #0x00	; 0
      000031 00                      94 	.db #0x00	; 0
      000032 00                      95 	.db #0x00	; 0
      000033 00                      96 	.db #0x00	; 0
      000034 F8                      97 	.db #0xf8	; 248
      000035 F8                      98 	.db #0xf8	; 248
      000036 8C                      99 	.db #0x8c	; 140
      000037 8C                     100 	.db #0x8c	; 140
      000038 8C                     101 	.db #0x8c	; 140
      000039 8C                     102 	.db #0x8c	; 140
      00003A 8C                     103 	.db #0x8c	; 140
      00003B 8C                     104 	.db #0x8c	; 140
      00003C 8C                     105 	.db #0x8c	; 140
      00003D 8C                     106 	.db #0x8c	; 140
      00003E F8                     107 	.db #0xf8	; 248
      00003F F8                     108 	.db #0xf8	; 248
      000040 00                     109 	.db #0x00	; 0
      000041 00                     110 	.db #0x00	; 0
      000042 00                     111 	.db #0x00	; 0
      000043 00                     112 	.db #0x00	; 0
      000044 FC                     113 	.db #0xfc	; 252
      000045 FC                     114 	.db #0xfc	; 252
      000046 C0                     115 	.db #0xc0	; 192
      000047 C0                     116 	.db #0xc0	; 192
      000048 F8                     117 	.db #0xf8	; 248
      000049 F8                     118 	.db #0xf8	; 248
      00004A C0                     119 	.db #0xc0	; 192
      00004B C0                     120 	.db #0xc0	; 192
      00004C C0                     121 	.db #0xc0	; 192
      00004D C0                     122 	.db #0xc0	; 192
      00004E FC                     123 	.db #0xfc	; 252
      00004F FC                     124 	.db #0xfc	; 252
      000050 00                     125 	.db #0x00	; 0
      000051 00                     126 	.db #0x00	; 0
      000052 00                     127 	.db #0x00	; 0
      000053 00                     128 	.db #0x00	; 0
      000054 FC                     129 	.db #0xfc	; 252
      000055 FC                     130 	.db #0xfc	; 252
      000056 C0                     131 	.db #0xc0	; 192
      000057 C0                     132 	.db #0xc0	; 192
      000058 F8                     133 	.db #0xf8	; 248
      000059 F8                     134 	.db #0xf8	; 248
      00005A C0                     135 	.db #0xc0	; 192
      00005B C0                     136 	.db #0xc0	; 192
      00005C C0                     137 	.db #0xc0	; 192
      00005D C0                     138 	.db #0xc0	; 192
      00005E C0                     139 	.db #0xc0	; 192
      00005F C0                     140 	.db #0xc0	; 192
      000060 00                     141 	.db #0x00	; 0
      000061 00                     142 	.db #0x00	; 0
      000062 00                     143 	.db #0x00	; 0
      000063 00                     144 	.db #0x00	; 0
      000064 78                     145 	.db #0x78	; 120	'x'
      000065 78                     146 	.db #0x78	; 120	'x'
      000066 CC                     147 	.db #0xcc	; 204
      000067 CC                     148 	.db #0xcc	; 204
      000068 C0                     149 	.db #0xc0	; 192
      000069 C0                     150 	.db #0xc0	; 192
      00006A DC                     151 	.db #0xdc	; 220
      00006B DC                     152 	.db #0xdc	; 220
      00006C CC                     153 	.db #0xcc	; 204
      00006D CC                     154 	.db #0xcc	; 204
      00006E 7C                     155 	.db #0x7c	; 124
      00006F 7C                     156 	.db #0x7c	; 124
      000070 00                     157 	.db #0x00	; 0
      000071 00                     158 	.db #0x00	; 0
      000072 00                     159 	.db #0x00	; 0
      000073 00                     160 	.db #0x00	; 0
      000074 8C                     161 	.db #0x8c	; 140
      000075 8C                     162 	.db #0x8c	; 140
      000076 8C                     163 	.db #0x8c	; 140
      000077 8C                     164 	.db #0x8c	; 140
      000078 FC                     165 	.db #0xfc	; 252
      000079 FC                     166 	.db #0xfc	; 252
      00007A 8C                     167 	.db #0x8c	; 140
      00007B 8C                     168 	.db #0x8c	; 140
      00007C 8C                     169 	.db #0x8c	; 140
      00007D 8C                     170 	.db #0x8c	; 140
      00007E 8C                     171 	.db #0x8c	; 140
      00007F 8C                     172 	.db #0x8c	; 140
      000080 00                     173 	.db #0x00	; 0
      000081 00                     174 	.db #0x00	; 0
      000082 00                     175 	.db #0x00	; 0
      000083 00                     176 	.db #0x00	; 0
      000084 FC                     177 	.db #0xfc	; 252
      000085 FC                     178 	.db #0xfc	; 252
      000086 30                     179 	.db #0x30	; 48	'0'
      000087 30                     180 	.db #0x30	; 48	'0'
      000088 30                     181 	.db #0x30	; 48	'0'
      000089 30                     182 	.db #0x30	; 48	'0'
      00008A 30                     183 	.db #0x30	; 48	'0'
      00008B 30                     184 	.db #0x30	; 48	'0'
      00008C 30                     185 	.db #0x30	; 48	'0'
      00008D 30                     186 	.db #0x30	; 48	'0'
      00008E FC                     187 	.db #0xfc	; 252
      00008F FC                     188 	.db #0xfc	; 252
      000090 00                     189 	.db #0x00	; 0
      000091 00                     190 	.db #0x00	; 0
      000092 00                     191 	.db #0x00	; 0
      000093 00                     192 	.db #0x00	; 0
      000094 3C                     193 	.db #0x3c	; 60
      000095 3C                     194 	.db #0x3c	; 60
      000096 18                     195 	.db #0x18	; 24
      000097 18                     196 	.db #0x18	; 24
      000098 18                     197 	.db #0x18	; 24
      000099 18                     198 	.db #0x18	; 24
      00009A D8                     199 	.db #0xd8	; 216
      00009B D8                     200 	.db #0xd8	; 216
      00009C D8                     201 	.db #0xd8	; 216
      00009D D8                     202 	.db #0xd8	; 216
      00009E 70                     203 	.db #0x70	; 112	'p'
      00009F 70                     204 	.db #0x70	; 112	'p'
      0000A0 00                     205 	.db #0x00	; 0
      0000A1 00                     206 	.db #0x00	; 0
      0000A2 00                     207 	.db #0x00	; 0
      0000A3 00                     208 	.db #0x00	; 0
      0000A4 CC                     209 	.db #0xcc	; 204
      0000A5 CC                     210 	.db #0xcc	; 204
      0000A6 D8                     211 	.db #0xd8	; 216
      0000A7 D8                     212 	.db #0xd8	; 216
      0000A8 F0                     213 	.db #0xf0	; 240
      0000A9 F0                     214 	.db #0xf0	; 240
      0000AA F0                     215 	.db #0xf0	; 240
      0000AB F0                     216 	.db #0xf0	; 240
      0000AC D8                     217 	.db #0xd8	; 216
      0000AD D8                     218 	.db #0xd8	; 216
      0000AE CC                     219 	.db #0xcc	; 204
      0000AF CC                     220 	.db #0xcc	; 204
      0000B0 00                     221 	.db #0x00	; 0
      0000B1 00                     222 	.db #0x00	; 0
      0000B2 00                     223 	.db #0x00	; 0
      0000B3 00                     224 	.db #0x00	; 0
      0000B4 C0                     225 	.db #0xc0	; 192
      0000B5 C0                     226 	.db #0xc0	; 192
      0000B6 C0                     227 	.db #0xc0	; 192
      0000B7 C0                     228 	.db #0xc0	; 192
      0000B8 C0                     229 	.db #0xc0	; 192
      0000B9 C0                     230 	.db #0xc0	; 192
      0000BA C0                     231 	.db #0xc0	; 192
      0000BB C0                     232 	.db #0xc0	; 192
      0000BC C0                     233 	.db #0xc0	; 192
      0000BD C0                     234 	.db #0xc0	; 192
      0000BE FC                     235 	.db #0xfc	; 252
      0000BF FC                     236 	.db #0xfc	; 252
      0000C0 00                     237 	.db #0x00	; 0
      0000C1 00                     238 	.db #0x00	; 0
      0000C2 00                     239 	.db #0x00	; 0
      0000C3 00                     240 	.db #0x00	; 0
      0000C4 8C                     241 	.db #0x8c	; 140
      0000C5 8C                     242 	.db #0x8c	; 140
      0000C6 DC                     243 	.db #0xdc	; 220
      0000C7 DC                     244 	.db #0xdc	; 220
      0000C8 FC                     245 	.db #0xfc	; 252
      0000C9 FC                     246 	.db #0xfc	; 252
      0000CA AC                     247 	.db #0xac	; 172
      0000CB AC                     248 	.db #0xac	; 172
      0000CC 8C                     249 	.db #0x8c	; 140
      0000CD 8C                     250 	.db #0x8c	; 140
      0000CE 8C                     251 	.db #0x8c	; 140
      0000CF 8C                     252 	.db #0x8c	; 140
      0000D0 00                     253 	.db #0x00	; 0
      0000D1 00                     254 	.db #0x00	; 0
      0000D2 00                     255 	.db #0x00	; 0
      0000D3 00                     256 	.db #0x00	; 0
      0000D4 8C                     257 	.db #0x8c	; 140
      0000D5 8C                     258 	.db #0x8c	; 140
      0000D6 CC                     259 	.db #0xcc	; 204
      0000D7 CC                     260 	.db #0xcc	; 204
      0000D8 EC                     261 	.db #0xec	; 236
      0000D9 EC                     262 	.db #0xec	; 236
      0000DA BC                     263 	.db #0xbc	; 188
      0000DB BC                     264 	.db #0xbc	; 188
      0000DC 9C                     265 	.db #0x9c	; 156
      0000DD 9C                     266 	.db #0x9c	; 156
      0000DE 8C                     267 	.db #0x8c	; 140
      0000DF 8C                     268 	.db #0x8c	; 140
      0000E0 00                     269 	.db #0x00	; 0
      0000E1 00                     270 	.db #0x00	; 0
      0000E2 00                     271 	.db #0x00	; 0
      0000E3 00                     272 	.db #0x00	; 0
      0000E4 78                     273 	.db #0x78	; 120	'x'
      0000E5 78                     274 	.db #0x78	; 120	'x'
      0000E6 CC                     275 	.db #0xcc	; 204
      0000E7 CC                     276 	.db #0xcc	; 204
      0000E8 CC                     277 	.db #0xcc	; 204
      0000E9 CC                     278 	.db #0xcc	; 204
      0000EA CC                     279 	.db #0xcc	; 204
      0000EB CC                     280 	.db #0xcc	; 204
      0000EC CC                     281 	.db #0xcc	; 204
      0000ED CC                     282 	.db #0xcc	; 204
      0000EE 78                     283 	.db #0x78	; 120	'x'
      0000EF 78                     284 	.db #0x78	; 120	'x'
      0000F0 00                     285 	.db #0x00	; 0
      0000F1 00                     286 	.db #0x00	; 0
      0000F2 00                     287 	.db #0x00	; 0
      0000F3 00                     288 	.db #0x00	; 0
      0000F4 F8                     289 	.db #0xf8	; 248
      0000F5 F8                     290 	.db #0xf8	; 248
      0000F6 CC                     291 	.db #0xcc	; 204
      0000F7 CC                     292 	.db #0xcc	; 204
      0000F8 CC                     293 	.db #0xcc	; 204
      0000F9 CC                     294 	.db #0xcc	; 204
      0000FA F8                     295 	.db #0xf8	; 248
      0000FB F8                     296 	.db #0xf8	; 248
      0000FC C0                     297 	.db #0xc0	; 192
      0000FD C0                     298 	.db #0xc0	; 192
      0000FE C0                     299 	.db #0xc0	; 192
      0000FF C0                     300 	.db #0xc0	; 192
      000100 00                     301 	.db #0x00	; 0
      000101 00                     302 	.db #0x00	; 0
      000102 00                     303 	.db #0x00	; 0
      000103 00                     304 	.db #0x00	; 0
      000104 78                     305 	.db #0x78	; 120	'x'
      000105 78                     306 	.db #0x78	; 120	'x'
      000106 C4                     307 	.db #0xc4	; 196
      000107 C4                     308 	.db #0xc4	; 196
      000108 C4                     309 	.db #0xc4	; 196
      000109 C4                     310 	.db #0xc4	; 196
      00010A D4                     311 	.db #0xd4	; 212
      00010B D4                     312 	.db #0xd4	; 212
      00010C C8                     313 	.db #0xc8	; 200
      00010D C8                     314 	.db #0xc8	; 200
      00010E 74                     315 	.db #0x74	; 116	't'
      00010F 74                     316 	.db #0x74	; 116	't'
      000110 00                     317 	.db #0x00	; 0
      000111 00                     318 	.db #0x00	; 0
      000112 00                     319 	.db #0x00	; 0
      000113 00                     320 	.db #0x00	; 0
      000114 F8                     321 	.db #0xf8	; 248
      000115 F8                     322 	.db #0xf8	; 248
      000116 CC                     323 	.db #0xcc	; 204
      000117 CC                     324 	.db #0xcc	; 204
      000118 CC                     325 	.db #0xcc	; 204
      000119 CC                     326 	.db #0xcc	; 204
      00011A F8                     327 	.db #0xf8	; 248
      00011B F8                     328 	.db #0xf8	; 248
      00011C D0                     329 	.db #0xd0	; 208
      00011D D0                     330 	.db #0xd0	; 208
      00011E CC                     331 	.db #0xcc	; 204
      00011F CC                     332 	.db #0xcc	; 204
      000120 00                     333 	.db #0x00	; 0
      000121 00                     334 	.db #0x00	; 0
      000122 00                     335 	.db #0x00	; 0
      000123 00                     336 	.db #0x00	; 0
      000124 78                     337 	.db #0x78	; 120	'x'
      000125 78                     338 	.db #0x78	; 120	'x'
      000126 C0                     339 	.db #0xc0	; 192
      000127 C0                     340 	.db #0xc0	; 192
      000128 78                     341 	.db #0x78	; 120	'x'
      000129 78                     342 	.db #0x78	; 120	'x'
      00012A 0C                     343 	.db #0x0c	; 12
      00012B 0C                     344 	.db #0x0c	; 12
      00012C CC                     345 	.db #0xcc	; 204
      00012D CC                     346 	.db #0xcc	; 204
      00012E 78                     347 	.db #0x78	; 120	'x'
      00012F 78                     348 	.db #0x78	; 120	'x'
      000130 00                     349 	.db #0x00	; 0
      000131 00                     350 	.db #0x00	; 0
      000132 00                     351 	.db #0x00	; 0
      000133 00                     352 	.db #0x00	; 0
      000134 FC                     353 	.db #0xfc	; 252
      000135 FC                     354 	.db #0xfc	; 252
      000136 30                     355 	.db #0x30	; 48	'0'
      000137 30                     356 	.db #0x30	; 48	'0'
      000138 30                     357 	.db #0x30	; 48	'0'
      000139 30                     358 	.db #0x30	; 48	'0'
      00013A 30                     359 	.db #0x30	; 48	'0'
      00013B 30                     360 	.db #0x30	; 48	'0'
      00013C 30                     361 	.db #0x30	; 48	'0'
      00013D 30                     362 	.db #0x30	; 48	'0'
      00013E 30                     363 	.db #0x30	; 48	'0'
      00013F 30                     364 	.db #0x30	; 48	'0'
      000140 00                     365 	.db #0x00	; 0
      000141 00                     366 	.db #0x00	; 0
      000142 00                     367 	.db #0x00	; 0
      000143 00                     368 	.db #0x00	; 0
      000144 8C                     369 	.db #0x8c	; 140
      000145 8C                     370 	.db #0x8c	; 140
      000146 8C                     371 	.db #0x8c	; 140
      000147 8C                     372 	.db #0x8c	; 140
      000148 8C                     373 	.db #0x8c	; 140
      000149 8C                     374 	.db #0x8c	; 140
      00014A 8C                     375 	.db #0x8c	; 140
      00014B 8C                     376 	.db #0x8c	; 140
      00014C 9C                     377 	.db #0x9c	; 156
      00014D 9C                     378 	.db #0x9c	; 156
      00014E 78                     379 	.db #0x78	; 120	'x'
      00014F 78                     380 	.db #0x78	; 120	'x'
      000150 00                     381 	.db #0x00	; 0
      000151 00                     382 	.db #0x00	; 0
      000152 00                     383 	.db #0x00	; 0
      000153 00                     384 	.db #0x00	; 0
      000154 8C                     385 	.db #0x8c	; 140
      000155 8C                     386 	.db #0x8c	; 140
      000156 8C                     387 	.db #0x8c	; 140
      000157 8C                     388 	.db #0x8c	; 140
      000158 8C                     389 	.db #0x8c	; 140
      000159 8C                     390 	.db #0x8c	; 140
      00015A 8C                     391 	.db #0x8c	; 140
      00015B 8C                     392 	.db #0x8c	; 140
      00015C 58                     393 	.db #0x58	; 88	'X'
      00015D 58                     394 	.db #0x58	; 88	'X'
      00015E 30                     395 	.db #0x30	; 48	'0'
      00015F 30                     396 	.db #0x30	; 48	'0'
      000160 00                     397 	.db #0x00	; 0
      000161 00                     398 	.db #0x00	; 0
      000162 00                     399 	.db #0x00	; 0
      000163 00                     400 	.db #0x00	; 0
      000164 8C                     401 	.db #0x8c	; 140
      000165 8C                     402 	.db #0x8c	; 140
      000166 8C                     403 	.db #0x8c	; 140
      000167 8C                     404 	.db #0x8c	; 140
      000168 AC                     405 	.db #0xac	; 172
      000169 AC                     406 	.db #0xac	; 172
      00016A FC                     407 	.db #0xfc	; 252
      00016B FC                     408 	.db #0xfc	; 252
      00016C DC                     409 	.db #0xdc	; 220
      00016D DC                     410 	.db #0xdc	; 220
      00016E 8C                     411 	.db #0x8c	; 140
      00016F 8C                     412 	.db #0x8c	; 140
      000170 00                     413 	.db #0x00	; 0
      000171 00                     414 	.db #0x00	; 0
      000172 00                     415 	.db #0x00	; 0
      000173 00                     416 	.db #0x00	; 0
      000174 8C                     417 	.db #0x8c	; 140
      000175 8C                     418 	.db #0x8c	; 140
      000176 58                     419 	.db #0x58	; 88	'X'
      000177 58                     420 	.db #0x58	; 88	'X'
      000178 30                     421 	.db #0x30	; 48	'0'
      000179 30                     422 	.db #0x30	; 48	'0'
      00017A 70                     423 	.db #0x70	; 112	'p'
      00017B 70                     424 	.db #0x70	; 112	'p'
      00017C C8                     425 	.db #0xc8	; 200
      00017D C8                     426 	.db #0xc8	; 200
      00017E 84                     427 	.db #0x84	; 132
      00017F 84                     428 	.db #0x84	; 132
      000180 00                     429 	.db #0x00	; 0
      000181 00                     430 	.db #0x00	; 0
      000182 00                     431 	.db #0x00	; 0
      000183 00                     432 	.db #0x00	; 0
      000184 CC                     433 	.db #0xcc	; 204
      000185 CC                     434 	.db #0xcc	; 204
      000186 CC                     435 	.db #0xcc	; 204
      000187 CC                     436 	.db #0xcc	; 204
      000188 78                     437 	.db #0x78	; 120	'x'
      000189 78                     438 	.db #0x78	; 120	'x'
      00018A 30                     439 	.db #0x30	; 48	'0'
      00018B 30                     440 	.db #0x30	; 48	'0'
      00018C 30                     441 	.db #0x30	; 48	'0'
      00018D 30                     442 	.db #0x30	; 48	'0'
      00018E 30                     443 	.db #0x30	; 48	'0'
      00018F 30                     444 	.db #0x30	; 48	'0'
      000190 00                     445 	.db #0x00	; 0
      000191 00                     446 	.db #0x00	; 0
      000192 00                     447 	.db #0x00	; 0
      000193 00                     448 	.db #0x00	; 0
      000194 FC                     449 	.db #0xfc	; 252
      000195 FC                     450 	.db #0xfc	; 252
      000196 0C                     451 	.db #0x0c	; 12
      000197 0C                     452 	.db #0x0c	; 12
      000198 18                     453 	.db #0x18	; 24
      000199 18                     454 	.db #0x18	; 24
      00019A 30                     455 	.db #0x30	; 48	'0'
      00019B 30                     456 	.db #0x30	; 48	'0'
      00019C 60                     457 	.db #0x60	; 96
      00019D 60                     458 	.db #0x60	; 96
      00019E FC                     459 	.db #0xfc	; 252
      00019F FC                     460 	.db #0xfc	; 252
      0001A0 00                     461 	.db #0x00	; 0
      0001A1 00                     462 	.db #0x00	; 0
      0001A2 00                     463 	.db #0x00	; 0
      0001A3 00                     464 	.db #0x00	; 0
      0001A4 78                     465 	.db #0x78	; 120	'x'
      0001A5 78                     466 	.db #0x78	; 120	'x'
      0001A6 CC                     467 	.db #0xcc	; 204
      0001A7 CC                     468 	.db #0xcc	; 204
      0001A8 EC                     469 	.db #0xec	; 236
      0001A9 EC                     470 	.db #0xec	; 236
      0001AA DC                     471 	.db #0xdc	; 220
      0001AB DC                     472 	.db #0xdc	; 220
      0001AC CC                     473 	.db #0xcc	; 204
      0001AD CC                     474 	.db #0xcc	; 204
      0001AE 78                     475 	.db #0x78	; 120	'x'
      0001AF 78                     476 	.db #0x78	; 120	'x'
      0001B0 00                     477 	.db #0x00	; 0
      0001B1 00                     478 	.db #0x00	; 0
      0001B2 00                     479 	.db #0x00	; 0
      0001B3 00                     480 	.db #0x00	; 0
      0001B4 30                     481 	.db #0x30	; 48	'0'
      0001B5 30                     482 	.db #0x30	; 48	'0'
      0001B6 70                     483 	.db #0x70	; 112	'p'
      0001B7 70                     484 	.db #0x70	; 112	'p'
      0001B8 30                     485 	.db #0x30	; 48	'0'
      0001B9 30                     486 	.db #0x30	; 48	'0'
      0001BA 30                     487 	.db #0x30	; 48	'0'
      0001BB 30                     488 	.db #0x30	; 48	'0'
      0001BC 30                     489 	.db #0x30	; 48	'0'
      0001BD 30                     490 	.db #0x30	; 48	'0'
      0001BE FC                     491 	.db #0xfc	; 252
      0001BF FC                     492 	.db #0xfc	; 252
      0001C0 00                     493 	.db #0x00	; 0
      0001C1 00                     494 	.db #0x00	; 0
      0001C2 00                     495 	.db #0x00	; 0
      0001C3 00                     496 	.db #0x00	; 0
      0001C4 78                     497 	.db #0x78	; 120	'x'
      0001C5 78                     498 	.db #0x78	; 120	'x'
      0001C6 8C                     499 	.db #0x8c	; 140
      0001C7 8C                     500 	.db #0x8c	; 140
      0001C8 0C                     501 	.db #0x0c	; 12
      0001C9 0C                     502 	.db #0x0c	; 12
      0001CA 38                     503 	.db #0x38	; 56	'8'
      0001CB 38                     504 	.db #0x38	; 56	'8'
      0001CC 60                     505 	.db #0x60	; 96
      0001CD 60                     506 	.db #0x60	; 96
      0001CE FC                     507 	.db #0xfc	; 252
      0001CF FC                     508 	.db #0xfc	; 252
      0001D0 00                     509 	.db #0x00	; 0
      0001D1 00                     510 	.db #0x00	; 0
      0001D2 00                     511 	.db #0x00	; 0
      0001D3 00                     512 	.db #0x00	; 0
      0001D4 F8                     513 	.db #0xf8	; 248
      0001D5 F8                     514 	.db #0xf8	; 248
      0001D6 0C                     515 	.db #0x0c	; 12
      0001D7 0C                     516 	.db #0x0c	; 12
      0001D8 38                     517 	.db #0x38	; 56	'8'
      0001D9 38                     518 	.db #0x38	; 56	'8'
      0001DA 0C                     519 	.db #0x0c	; 12
      0001DB 0C                     520 	.db #0x0c	; 12
      0001DC 0C                     521 	.db #0x0c	; 12
      0001DD 0C                     522 	.db #0x0c	; 12
      0001DE F8                     523 	.db #0xf8	; 248
      0001DF F8                     524 	.db #0xf8	; 248
      0001E0 00                     525 	.db #0x00	; 0
      0001E1 00                     526 	.db #0x00	; 0
      0001E2 00                     527 	.db #0x00	; 0
      0001E3 00                     528 	.db #0x00	; 0
      0001E4 78                     529 	.db #0x78	; 120	'x'
      0001E5 78                     530 	.db #0x78	; 120	'x'
      0001E6 D8                     531 	.db #0xd8	; 216
      0001E7 D8                     532 	.db #0xd8	; 216
      0001E8 98                     533 	.db #0x98	; 152
      0001E9 98                     534 	.db #0x98	; 152
      0001EA 98                     535 	.db #0x98	; 152
      0001EB 98                     536 	.db #0x98	; 152
      0001EC FC                     537 	.db #0xfc	; 252
      0001ED FC                     538 	.db #0xfc	; 252
      0001EE 18                     539 	.db #0x18	; 24
      0001EF 18                     540 	.db #0x18	; 24
      0001F0 00                     541 	.db #0x00	; 0
      0001F1 00                     542 	.db #0x00	; 0
      0001F2 00                     543 	.db #0x00	; 0
      0001F3 00                     544 	.db #0x00	; 0
      0001F4 F8                     545 	.db #0xf8	; 248
      0001F5 F8                     546 	.db #0xf8	; 248
      0001F6 C0                     547 	.db #0xc0	; 192
      0001F7 C0                     548 	.db #0xc0	; 192
      0001F8 F8                     549 	.db #0xf8	; 248
      0001F9 F8                     550 	.db #0xf8	; 248
      0001FA 0C                     551 	.db #0x0c	; 12
      0001FB 0C                     552 	.db #0x0c	; 12
      0001FC 0C                     553 	.db #0x0c	; 12
      0001FD 0C                     554 	.db #0x0c	; 12
      0001FE F8                     555 	.db #0xf8	; 248
      0001FF F8                     556 	.db #0xf8	; 248
      000200 00                     557 	.db #0x00	; 0
      000201 00                     558 	.db #0x00	; 0
      000202 00                     559 	.db #0x00	; 0
      000203 00                     560 	.db #0x00	; 0
      000204 78                     561 	.db #0x78	; 120	'x'
      000205 78                     562 	.db #0x78	; 120	'x'
      000206 C0                     563 	.db #0xc0	; 192
      000207 C0                     564 	.db #0xc0	; 192
      000208 F8                     565 	.db #0xf8	; 248
      000209 F8                     566 	.db #0xf8	; 248
      00020A CC                     567 	.db #0xcc	; 204
      00020B CC                     568 	.db #0xcc	; 204
      00020C CC                     569 	.db #0xcc	; 204
      00020D CC                     570 	.db #0xcc	; 204
      00020E 78                     571 	.db #0x78	; 120	'x'
      00020F 78                     572 	.db #0x78	; 120	'x'
      000210 00                     573 	.db #0x00	; 0
      000211 00                     574 	.db #0x00	; 0
      000212 00                     575 	.db #0x00	; 0
      000213 00                     576 	.db #0x00	; 0
      000214 FC                     577 	.db #0xfc	; 252
      000215 FC                     578 	.db #0xfc	; 252
      000216 0C                     579 	.db #0x0c	; 12
      000217 0C                     580 	.db #0x0c	; 12
      000218 0C                     581 	.db #0x0c	; 12
      000219 0C                     582 	.db #0x0c	; 12
      00021A 18                     583 	.db #0x18	; 24
      00021B 18                     584 	.db #0x18	; 24
      00021C 30                     585 	.db #0x30	; 48	'0'
      00021D 30                     586 	.db #0x30	; 48	'0'
      00021E 30                     587 	.db #0x30	; 48	'0'
      00021F 30                     588 	.db #0x30	; 48	'0'
      000220 00                     589 	.db #0x00	; 0
      000221 00                     590 	.db #0x00	; 0
      000222 00                     591 	.db #0x00	; 0
      000223 00                     592 	.db #0x00	; 0
      000224 78                     593 	.db #0x78	; 120	'x'
      000225 78                     594 	.db #0x78	; 120	'x'
      000226 8C                     595 	.db #0x8c	; 140
      000227 8C                     596 	.db #0x8c	; 140
      000228 78                     597 	.db #0x78	; 120	'x'
      000229 78                     598 	.db #0x78	; 120	'x'
      00022A 8C                     599 	.db #0x8c	; 140
      00022B 8C                     600 	.db #0x8c	; 140
      00022C 8C                     601 	.db #0x8c	; 140
      00022D 8C                     602 	.db #0x8c	; 140
      00022E 78                     603 	.db #0x78	; 120	'x'
      00022F 78                     604 	.db #0x78	; 120	'x'
      000230 00                     605 	.db #0x00	; 0
      000231 00                     606 	.db #0x00	; 0
      000232 00                     607 	.db #0x00	; 0
      000233 00                     608 	.db #0x00	; 0
      000234 78                     609 	.db #0x78	; 120	'x'
      000235 78                     610 	.db #0x78	; 120	'x'
      000236 8C                     611 	.db #0x8c	; 140
      000237 8C                     612 	.db #0x8c	; 140
      000238 8C                     613 	.db #0x8c	; 140
      000239 8C                     614 	.db #0x8c	; 140
      00023A 7C                     615 	.db #0x7c	; 124
      00023B 7C                     616 	.db #0x7c	; 124
      00023C 0C                     617 	.db #0x0c	; 12
      00023D 0C                     618 	.db #0x0c	; 12
      00023E 78                     619 	.db #0x78	; 120	'x'
      00023F 78                     620 	.db #0x78	; 120	'x'
      000240 00                     621 	.db #0x00	; 0
      000241 00                     622 	.db #0x00	; 0
      000242 00                     623 	.db #0x00	; 0
      000243 00                     624 	.db #0x00	; 0
      000244 00                     625 	.db #0x00	; 0
      000245 00                     626 	.db #0x00	; 0
      000246 00                     627 	.db #0x00	; 0
      000247 00                     628 	.db #0x00	; 0
      000248 00                     629 	.db #0x00	; 0
      000249 00                     630 	.db #0x00	; 0
      00024A 00                     631 	.db #0x00	; 0
      00024B 00                     632 	.db #0x00	; 0
      00024C C0                     633 	.db #0xc0	; 192
      00024D C0                     634 	.db #0xc0	; 192
      00024E C0                     635 	.db #0xc0	; 192
      00024F C0                     636 	.db #0xc0	; 192
      000250 00                     637 	.db #0x00	; 0
      000251 00                     638 	.db #0x00	; 0
      000252 00                     639 	.db #0x00	; 0
      000253 00                     640 	.db #0x00	; 0
      000254 C0                     641 	.db #0xc0	; 192
      000255 C0                     642 	.db #0xc0	; 192
      000256 C0                     643 	.db #0xc0	; 192
      000257 C0                     644 	.db #0xc0	; 192
      000258 C0                     645 	.db #0xc0	; 192
      000259 C0                     646 	.db #0xc0	; 192
      00025A C0                     647 	.db #0xc0	; 192
      00025B C0                     648 	.db #0xc0	; 192
      00025C 00                     649 	.db #0x00	; 0
      00025D 00                     650 	.db #0x00	; 0
      00025E C0                     651 	.db #0xc0	; 192
      00025F C0                     652 	.db #0xc0	; 192
      000260 00                     653 	.db #0x00	; 0
      000261 00                     654 	.db #0x00	; 0
      000262 00                     655 	.db #0x00	; 0
      000263 00                     656 	.db #0x00	; 0
      000264 78                     657 	.db #0x78	; 120	'x'
      000265 78                     658 	.db #0x78	; 120	'x'
      000266 8C                     659 	.db #0x8c	; 140
      000267 8C                     660 	.db #0x8c	; 140
      000268 0C                     661 	.db #0x0c	; 12
      000269 0C                     662 	.db #0x0c	; 12
      00026A 38                     663 	.db #0x38	; 56	'8'
      00026B 38                     664 	.db #0x38	; 56	'8'
      00026C 00                     665 	.db #0x00	; 0
      00026D 00                     666 	.db #0x00	; 0
      00026E 30                     667 	.db #0x30	; 48	'0'
      00026F 30                     668 	.db #0x30	; 48	'0'
                                    669 	.area _INITIALIZER
                                    670 	.area _CABS (ABS)
