                                      1 ;--------------------------------------------------------
                                      2 ; File Created by SDCC : free open source ANSI-C Compiler
                                      3 ; Version 4.1.6 #12539 (MINGW32)
                                      4 ;--------------------------------------------------------
                                      5 	.module game_state_password
                                      6 	.optsdcc -mgbz80
                                      7 	
                                      8 ;--------------------------------------------------------
                                      9 ; Public variables in this module
                                     10 ;--------------------------------------------------------
                                     11 	.globl _draw_basic_font_word
                                     12 	.globl _set_sprite_data
                                     13 	.globl _was_input_depressed
                                     14 	.globl _password_enter
                                     15 	.globl _password_update
                                     16 	.globl _password_exit
                                     17 ;--------------------------------------------------------
                                     18 ; special function registers
                                     19 ;--------------------------------------------------------
                                     20 ;--------------------------------------------------------
                                     21 ; ram data
                                     22 ;--------------------------------------------------------
                                     23 	.area _DATA
                                     24 ;--------------------------------------------------------
                                     25 ; ram data
                                     26 ;--------------------------------------------------------
                                     27 	.area _INITIALIZED
                                     28 ;--------------------------------------------------------
                                     29 ; absolute external ram data
                                     30 ;--------------------------------------------------------
                                     31 	.area _DABS (ABS)
                                     32 ;--------------------------------------------------------
                                     33 ; global & static initialisations
                                     34 ;--------------------------------------------------------
                                     35 	.area _HOME
                                     36 	.area _GSINIT
                                     37 	.area _GSFINAL
                                     38 	.area _GSINIT
                                     39 ;--------------------------------------------------------
                                     40 ; Home
                                     41 ;--------------------------------------------------------
                                     42 	.area _HOME
                                     43 	.area _HOME
                                     44 ;--------------------------------------------------------
                                     45 ; code
                                     46 ;--------------------------------------------------------
                                     47 	.area _CODE
                                     48 ;game-state-password.c:9: void password_enter()
                                     49 ;	---------------------------------
                                     50 ; Function password_enter
                                     51 ; ---------------------------------
      000000                         52 _password_enter::
                                     53 ;game-state-password.c:12: set_sprite_data(0, 38, basic_font_sprites);
      000000 11r00r00                54 	ld	de, #_basic_font_sprites
      000003 D5                      55 	push	de
      000004 21 00 26                56 	ld	hl, #0x2600
      000007 E5                      57 	push	hl
      000008 CDr00r00                58 	call	_set_sprite_data
      00000B E8 04                   59 	add	sp, #4
                                     60 ;game-state-password.c:20: SPRITE_TILE_WIDTH,
      00000D 21r41r00                61 	ld	hl, #_SPRITE_TILE_WIDTH
      000010 46                      62 	ld	b, (hl)
                                     63 ;game-state-password.c:19: SCREEN_MIN_Y + (3 * SPRITE_TILE_HEIGHT),
      000011 FAr42r00                64 	ld	a, (#_SPRITE_TILE_HEIGHT)
      000014 5F                      65 	ld	e, a
      000015 87                      66 	add	a, a
      000016 83                      67 	add	a, e
      000017 21r3Er00                68 	ld	hl, #_SCREEN_MIN_Y
      00001A 4E                      69 	ld	c, (hl)
      00001B 81                      70 	add	a, c
      00001C 4F                      71 	ld	c, a
                                     72 ;game-state-password.c:18: SCREEN_MIN_X + (6 * SPRITE_TILE_WIDTH),
      00001D 78                      73 	ld	a, b
      00001E 5F                      74 	ld	e, a
      00001F 87                      75 	add	a, a
      000020 83                      76 	add	a, e
      000021 87                      77 	add	a, a
      000022 21r3Dr00                78 	ld	hl, #_SCREEN_MIN_X
      000025 5E                      79 	ld	e, (hl)
      000026 83                      80 	add	a, e
      000027 5F                      81 	ld	e, a
                                     82 ;game-state-password.c:15: draw_basic_font_word(&k_password_word_sprites[0],
      000028 AF                      83 	xor	a, a
      000029 F5                      84 	push	af
      00002A 33                      85 	inc	sp
      00002B C5                      86 	push	bc
      00002C 33                      87 	inc	sp
      00002D 51                      88 	ld	d, c
      00002E D5                      89 	push	de
      00002F 21 08 00                90 	ld	hl, #0x08
      000032 E5                      91 	push	hl
      000033 11r00r00                92 	ld	de, #_k_password_word_sprites
      000036 D5                      93 	push	de
      000037 CDr00r00                94 	call	_draw_basic_font_word
      00003A E8 08                   95 	add	sp, #8
                                     96 ;game-state-password.c:22: }
      00003C C9                      97 	ret
      00003D                         98 _SCREEN_MIN_X:
      00003D 08                      99 	.db #0x08	; 8
      00003E                        100 _SCREEN_MIN_Y:
      00003E 10                     101 	.db #0x10	; 16
      00003F                        102 _SCREEN_WIDTH:
      00003F A0                     103 	.db #0xa0	; 160
      000040                        104 _SCREEN_HEIGHT:
      000040 90                     105 	.db #0x90	; 144
      000041                        106 _SPRITE_TILE_WIDTH:
      000041 08                     107 	.db #0x08	; 8
      000042                        108 _SPRITE_TILE_HEIGHT:
      000042 08                     109 	.db #0x08	; 8
                                    110 ;game-state-password.c:24: uint8_t password_update(struct input_state* input_state)
                                    111 ;	---------------------------------
                                    112 ; Function password_update
                                    113 ; ---------------------------------
      000043                        114 _password_update::
                                    115 ;game-state-password.c:26: if (was_input_depressed(input_state, btn_select))
      000043 3E 07                  116 	ld	a, #0x07
      000045 F5                     117 	push	af
      000046 33                     118 	inc	sp
      000047 F8 03                  119 	ldhl	sp,	#3
      000049 2A                     120 	ld	a, (hl+)
      00004A 5F                     121 	ld	e, a
      00004B 56                     122 	ld	d, (hl)
      00004C D5                     123 	push	de
      00004D CDr00r00               124 	call	_was_input_depressed
      000050 E8 03                  125 	add	sp, #3
      000052 7B                     126 	ld	a, e
      000053 B7                     127 	or	a, a
                                    128 ;game-state-password.c:28: return gs_title;
                                    129 ;game-state-password.c:31: return gs_enter_password;
      000054 1E 01                  130 	ld	e, #0x01
      000056 C0                     131 	ret	NZ
      000057 1E 02                  132 	ld	e, #0x02
                                    133 ;game-state-password.c:32: }
      000059 C9                     134 	ret
                                    135 ;game-state-password.c:34: void password_exit()
                                    136 ;	---------------------------------
                                    137 ; Function password_exit
                                    138 ; ---------------------------------
      00005A                        139 _password_exit::
                                    140 ;game-state-password.c:36: for (int i = 0; i < 8; ++i)
      00005A 01 00 00               141 	ld	bc, #0x0000
      00005D                        142 00104$:
      00005D 79                     143 	ld	a, c
      00005E D6 08                  144 	sub	a, #0x08
      000060 78                     145 	ld	a, b
      000061 17                     146 	rla
      000062 3F                     147 	ccf
      000063 1F                     148 	rra
      000064 DE 80                  149 	sbc	a, #0x80
      000066 D0                     150 	ret	NC
                                    151 ;game-state-password.c:38: move_sprite(i, 0, 0);
      000067 59                     152 	ld	e, c
                                    153 ;c:/gameboy-dev/gbdk/include/gb\gb.h:1520: OAM_item_t * itm = &shadow_OAM[nb];
      000068 26 00                  154 	ld	h, #0x00
                                    155 ;	spillPairReg hl
                                    156 ;	spillPairReg hl
      00006A 6B                     157 	ld	l, e
      00006B 29                     158 	add	hl, hl
      00006C 29                     159 	add	hl, hl
      00006D 11r00r00               160 	ld	de, #_shadow_OAM
      000070 19                     161 	add	hl, de
                                    162 ;c:/gameboy-dev/gbdk/include/gb\gb.h:1521: itm->y=y, itm->x=x;
      000071 AF                     163 	xor	a, a
      000072 22                     164 	ld	(hl+), a
      000073 77                     165 	ld	(hl), a
                                    166 ;game-state-password.c:36: for (int i = 0; i < 8; ++i)
      000074 03                     167 	inc	bc
                                    168 ;game-state-password.c:40: }
      000075 18 E6                  169 	jr	00104$
                                    170 	.area _CODE
                                    171 	.area _INITIALIZER
                                    172 	.area _CABS (ABS)
