                                      1 ;--------------------------------------------------------
                                      2 ; File Created by SDCC : free open source ANSI-C Compiler
                                      3 ; Version 4.1.6 #12539 (MINGW32)
                                      4 ;--------------------------------------------------------
                                      5 	.module game_state_game
                                      6 	.optsdcc -mgbz80
                                      7 	
                                      8 ;--------------------------------------------------------
                                      9 ; Public variables in this module
                                     10 ;--------------------------------------------------------
                                     11 	.globl _game_enter
                                     12 	.globl _game_update
                                     13 	.globl _game_exit
                                     14 ;--------------------------------------------------------
                                     15 ; special function registers
                                     16 ;--------------------------------------------------------
                                     17 ;--------------------------------------------------------
                                     18 ; ram data
                                     19 ;--------------------------------------------------------
                                     20 	.area _DATA
                                     21 ;--------------------------------------------------------
                                     22 ; ram data
                                     23 ;--------------------------------------------------------
                                     24 	.area _INITIALIZED
                                     25 ;--------------------------------------------------------
                                     26 ; absolute external ram data
                                     27 ;--------------------------------------------------------
                                     28 	.area _DABS (ABS)
                                     29 ;--------------------------------------------------------
                                     30 ; global & static initialisations
                                     31 ;--------------------------------------------------------
                                     32 	.area _HOME
                                     33 	.area _GSINIT
                                     34 	.area _GSFINAL
                                     35 	.area _GSINIT
                                     36 ;--------------------------------------------------------
                                     37 ; Home
                                     38 ;--------------------------------------------------------
                                     39 	.area _HOME
                                     40 	.area _HOME
                                     41 ;--------------------------------------------------------
                                     42 ; code
                                     43 ;--------------------------------------------------------
                                     44 	.area _CODE
                                     45 ;game-state-game.c:6: void game_enter()
                                     46 ;	---------------------------------
                                     47 ; Function game_enter
                                     48 ; ---------------------------------
      000000                         49 _game_enter::
                                     50 ;game-state-game.c:9: }
      000000 C9                      51 	ret
                                     52 ;game-state-game.c:11: uint8_t game_update(struct input_state* input_state)
                                     53 ;	---------------------------------
                                     54 ; Function game_update
                                     55 ; ---------------------------------
      000001                         56 _game_update::
                                     57 ;game-state-game.c:15: return gs_game;
      000001 1E 04                   58 	ld	e, #0x04
                                     59 ;game-state-game.c:16: }
      000003 C9                      60 	ret
                                     61 ;game-state-game.c:18: void game_exit()
                                     62 ;	---------------------------------
                                     63 ; Function game_exit
                                     64 ; ---------------------------------
      000004                         65 _game_exit::
                                     66 ;game-state-game.c:21: }
      000004 C9                      67 	ret
                                     68 	.area _CODE
                                     69 	.area _INITIALIZER
                                     70 	.area _CABS (ABS)
